<?xml version="1.0" encoding="UTF-8"?>
<testng-results ignored="1" total="7" passed="4" failed="2" skipped="0">
  <reporter-output>
  </reporter-output>
  <suite started-at="2021-12-21T07:41:55 IST" name="Sanity testing" finished-at="2021-12-21T07:42:42 IST" duration-ms="46702">
    <groups>
    </groups>
    <test started-at="2021-12-21T07:41:55 IST" name=" regression Test" finished-at="2021-12-21T07:42:42 IST" duration-ms="46227">
      <class name="selenium.TestNGkeyword">
        <test-method signature="test1()[pri:0, instance:selenium.TestNGkeyword@4efc180e]" started-at="2021-12-21T07:42:42 IST" name="test1" finished-at="2021-12-21T07:42:42 IST" duration-ms="1" status="PASS">
          <reporter-output>
          </reporter-output>
        </test-method> <!-- test1 -->
        <test-method signature="validation(int,int)[pri:0, instance:selenium.TestNGkeyword@4efc180e]" started-at="2021-12-21T07:42:42 IST" name="validation" finished-at="2021-12-21T07:42:42 IST" duration-ms="0" status="FAIL">
          <exception class="org.testng.TestNGException">
            <message>
              <![CDATA[
Cannot inject @Test annotated Method [validation] with [int, int].
For more information on native dependency injection please refer to https://testng.org/doc/documentation-main.html#native-dependency-injection]]>
            </message>
            <full-stacktrace>
              <![CDATA[org.testng.TestNGException: 
Cannot inject @Test annotated Method [validation] with [int, int].
For more information on native dependency injection please refer to https://testng.org/doc/documentation-main.html#native-dependency-injection
at org.testng.internal.Parameters.checkParameterTypes(Parameters.java:439)
at org.testng.internal.Parameters.createParametersForMethod(Parameters.java:353)
at org.testng.internal.Parameters.createParameters(Parameters.java:708)
at org.testng.internal.Parameters.handleParameters(Parameters.java:884)
at org.testng.internal.Parameters.handleParameters(Parameters.java:740)
at org.testng.internal.ParameterHandler.handleParameters(ParameterHandler.java:59)
at org.testng.internal.ParameterHandler.createParameters(ParameterHandler.java:38)
at org.testng.internal.TestInvoker$MethodInvocationAgent.invoke(TestInvoker.java:791)
at org.testng.internal.TestInvoker.invokeTestMethods(TestInvoker.java:146)
at org.testng.internal.TestMethodWorker.invokeTestMethods(TestMethodWorker.java:146)
at org.testng.internal.TestMethodWorker.run(TestMethodWorker.java:128)
at java.base/java.util.ArrayList.forEach(ArrayList.java:1511)
at org.testng.TestRunner.privateRun(TestRunner.java:794)
at org.testng.TestRunner.run(TestRunner.java:596)
at org.testng.SuiteRunner.runTest(SuiteRunner.java:377)
at org.testng.SuiteRunner.runSequentially(SuiteRunner.java:371)
at org.testng.SuiteRunner.privateRun(SuiteRunner.java:332)
at org.testng.SuiteRunner.run(SuiteRunner.java:276)
at org.testng.SuiteRunnerWorker.runSuite(SuiteRunnerWorker.java:53)
at org.testng.SuiteRunnerWorker.run(SuiteRunnerWorker.java:96)
at org.testng.TestNG.runSuitesSequentially(TestNG.java:1212)
at org.testng.TestNG.runSuitesLocally(TestNG.java:1134)
at org.testng.TestNG.runSuites(TestNG.java:1063)
at org.testng.TestNG.run(TestNG.java:1031)
at org.testng.remote.AbstractRemoteTestNG.run(AbstractRemoteTestNG.java:115)
at org.testng.remote.RemoteTestNG.initAndRun(RemoteTestNG.java:251)
at org.testng.remote.RemoteTestNG.main(RemoteTestNG.java:77)
]]>
            </full-stacktrace>
          </exception> <!-- org.testng.TestNGException -->
          <reporter-output>
          </reporter-output>
        </test-method> <!-- validation -->
      </class> <!-- selenium.TestNGkeyword -->
      <class name="selenium.TestNG">
        <test-method is-config="true" signature="BT()[pri:0, instance:selenium.TestNG@fba92d3]" started-at="2021-12-21T07:41:55 IST" name="BT" finished-at="2021-12-21T07:41:55 IST" duration-ms="11" status="PASS">
          <reporter-output>
          </reporter-output>
        </test-method> <!-- BT -->
        <test-method is-config="true" signature="BC()[pri:0, instance:selenium.TestNG@fba92d3]" started-at="2021-12-21T07:41:55 IST" name="BC" finished-at="2021-12-21T07:41:55 IST" duration-ms="0" status="PASS">
          <reporter-output>
          </reporter-output>
        </test-method> <!-- BC -->
        <test-method is-config="true" signature="BM()[pri:0, instance:selenium.TestNG@fba92d3]" started-at="2021-12-21T07:41:55 IST" name="BM" finished-at="2021-12-21T07:42:18 IST" duration-ms="22354" status="PASS">
          <reporter-output>
          </reporter-output>
        </test-method> <!-- BM -->
        <test-method signature="test1()[pri:-1, instance:selenium.TestNG@fba92d3]" started-at="2021-12-21T07:42:18 IST" name="test1" finished-at="2021-12-21T07:42:18 IST" duration-ms="5" status="PASS">
          <reporter-output>
          </reporter-output>
        </test-method> <!-- test1 -->
        <test-method is-config="true" signature="AF()[pri:0, instance:selenium.TestNG@fba92d3]" started-at="2021-12-21T07:42:18 IST" name="AF" finished-at="2021-12-21T07:42:18 IST" duration-ms="1" status="PASS">
          <reporter-output>
          </reporter-output>
        </test-method> <!-- AF -->
        <test-method is-config="true" signature="BM()[pri:0, instance:selenium.TestNG@fba92d3]" started-at="2021-12-21T07:42:18 IST" name="BM" finished-at="2021-12-21T07:42:42 IST" duration-ms="23741" status="PASS">
          <reporter-output>
          </reporter-output>
        </test-method> <!-- BM -->
        <test-method signature="test1()[pri:-1, instance:selenium.TestNG@fba92d3]" started-at="2021-12-21T07:42:42 IST" name="test1" finished-at="2021-12-21T07:42:42 IST" duration-ms="1" status="PASS">
          <reporter-output>
          </reporter-output>
        </test-method> <!-- test1 -->
        <test-method is-config="true" signature="AF()[pri:0, instance:selenium.TestNG@fba92d3]" started-at="2021-12-21T07:42:42 IST" name="AF" finished-at="2021-12-21T07:42:42 IST" duration-ms="0" status="PASS">
          <reporter-output>
          </reporter-output>
        </test-method> <!-- AF -->
        <test-method is-config="true" signature="AC()[pri:0, instance:selenium.TestNG@fba92d3]" started-at="2021-12-21T07:42:42 IST" name="AC" finished-at="2021-12-21T07:42:42 IST" duration-ms="1" status="PASS">
          <reporter-output>
          </reporter-output>
        </test-method> <!-- AC -->
        <test-method is-config="true" signature="AT()[pri:0, instance:selenium.TestNG@fba92d3]" started-at="2021-12-21T07:42:42 IST" name="AT" finished-at="2021-12-21T07:42:42 IST" duration-ms="1" status="PASS">
          <reporter-output>
          </reporter-output>
        </test-method> <!-- AT -->
      </class> <!-- selenium.TestNG -->
    </test> <!--  regression Test -->
    <test started-at="2021-12-21T07:42:42 IST" name="priority=2" finished-at="2021-12-21T07:42:42 IST" duration-ms="10">
      <class name="selenium.TestNGkeyword">
        <test-method signature="test1()[pri:0, instance:selenium.TestNGkeyword@5a56cdac]" started-at="2021-12-21T07:42:42 IST" name="test1" finished-at="2021-12-21T07:42:42 IST" duration-ms="2" status="PASS">
          <reporter-output>
          </reporter-output>
        </test-method> <!-- test1 -->
        <test-method signature="validation(int,int)[pri:0, instance:selenium.TestNGkeyword@5a56cdac]" started-at="2021-12-21T07:42:42 IST" name="validation" finished-at="2021-12-21T07:42:42 IST" duration-ms="0" status="FAIL">
          <exception class="org.testng.TestNGException">
            <message>
              <![CDATA[
Cannot inject @Test annotated Method [validation] with [int, int].
For more information on native dependency injection please refer to https://testng.org/doc/documentation-main.html#native-dependency-injection]]>
            </message>
            <full-stacktrace>
              <![CDATA[org.testng.TestNGException: 
Cannot inject @Test annotated Method [validation] with [int, int].
For more information on native dependency injection please refer to https://testng.org/doc/documentation-main.html#native-dependency-injection
at org.testng.internal.Parameters.checkParameterTypes(Parameters.java:439)
at org.testng.internal.Parameters.createParametersForMethod(Parameters.java:353)
at org.testng.internal.Parameters.createParameters(Parameters.java:708)
at org.testng.internal.Parameters.handleParameters(Parameters.java:884)
at org.testng.internal.Parameters.handleParameters(Parameters.java:740)
at org.testng.internal.ParameterHandler.handleParameters(ParameterHandler.java:59)
at org.testng.internal.ParameterHandler.createParameters(ParameterHandler.java:38)
at org.testng.internal.TestInvoker$MethodInvocationAgent.invoke(TestInvoker.java:791)
at org.testng.internal.TestInvoker.invokeTestMethods(TestInvoker.java:146)
at org.testng.internal.TestMethodWorker.invokeTestMethods(TestMethodWorker.java:146)
at org.testng.internal.TestMethodWorker.run(TestMethodWorker.java:128)
at java.base/java.util.ArrayList.forEach(ArrayList.java:1511)
at org.testng.TestRunner.privateRun(TestRunner.java:794)
at org.testng.TestRunner.run(TestRunner.java:596)
at org.testng.SuiteRunner.runTest(SuiteRunner.java:377)
at org.testng.SuiteRunner.runSequentially(SuiteRunner.java:371)
at org.testng.SuiteRunner.privateRun(SuiteRunner.java:332)
at org.testng.SuiteRunner.run(SuiteRunner.java:276)
at org.testng.SuiteRunnerWorker.runSuite(SuiteRunnerWorker.java:53)
at org.testng.SuiteRunnerWorker.run(SuiteRunnerWorker.java:96)
at org.testng.TestNG.runSuitesSequentially(TestNG.java:1212)
at org.testng.TestNG.runSuitesLocally(TestNG.java:1134)
at org.testng.TestNG.runSuites(TestNG.java:1063)
at org.testng.TestNG.run(TestNG.java:1031)
at org.testng.remote.AbstractRemoteTestNG.run(AbstractRemoteTestNG.java:115)
at org.testng.remote.RemoteTestNG.initAndRun(RemoteTestNG.java:251)
at org.testng.remote.RemoteTestNG.main(RemoteTestNG.java:77)
]]>
            </full-stacktrace>
          </exception> <!-- org.testng.TestNGException -->
          <reporter-output>
          </reporter-output>
        </test-method> <!-- validation -->
      </class> <!-- selenium.TestNGkeyword -->
    </test> <!-- priority=2 -->
  </suite> <!-- Sanity testing -->
</testng-results>
