<?xml version="1.0" encoding="UTF-8"?>
<!-- Generated by org.testng.reporters.JUnitXMLReporter -->
<testsuite ignored="1" hostname="DESKTOP-P5BB4QP" failures="1" tests="4" name=" regression Test" time="46.227" errors="0" timestamp="2021-12-21T07:42:42 IST">
  <testcase classname="selenium.TestNG" name="test1" time="0.005"/>
  <testcase classname="selenium.TestNG" name="test1" time="0.001"/>
  <testcase classname="selenium.TestNGkeyword" name="test1" time="0.001"/>
  <testcase classname="selenium.TestNGkeyword" name="validation" time="0.0">
    <failure type="org.testng.TestNGException" message="
Cannot inject @Test annotated Method [validation] with [int, int].
For more information on native dependency injection please refer to https://testng.org/doc/documentation-main.html#native-dependency-injection">
      <![CDATA[org.testng.TestNGException: 
Cannot inject @Test annotated Method [validation] with [int, int].
For more information on native dependency injection please refer to https://testng.org/doc/documentation-main.html#native-dependency-injection
at java.base/java.util.ArrayList.forEach(ArrayList.java:1511)
... Removed 26 stack frames]]>
    </failure>
  </testcase> <!-- validation -->
  <testcase classname="selenium.TestNG" name="test2" time="0.0">
    <ignored/>
  </testcase> <!-- test2 -->
</testsuite> <!--  regression Test -->
